
> alvane-web@0.1.0 build
> next build

   ▲ Next.js 16.0.8 (Turbopack)

 ⚠ The "middleware" file convention is deprecated. Please use "proxy" instead. Learn more: https://nextjs.org/docs/messages/middleware-to-proxy
   Creating an optimized production build ...
 ✓ Compiled successfully in 2.1s
   Running TypeScript ...
Failed to compile.

./src/components/animations/slide-reveal.tsx:43:13
Type error: Type '{ delay: number; duration: number; type: string; ease: number[]; }' is not assignable to type 'Transition<any> | undefined'.
  Type '{ delay: number; duration: number; type: string; ease: number[]; }' is not assignable to type 'TransitionWithValueOverrides<any>'.
    Type '{ delay: number; duration: number; type: string; ease: number[]; }' is not assignable to type 'ValueAnimationTransition<any>'.
      Types of property 'type' are incompatible.
        Type 'string' is not assignable to type 'AnimationGeneratorType | undefined'.

[0m [90m 41 |[39m             animate[33m=[39m{isInView [33m?[39m [32m"animate"[39m [33m:[39m [32m"initial"[39m}
 [90m 42 |[39m             variants[33m=[39m{getVariant()}
[31m[1m>[22m[39m[90m 43 |[39m             transition[33m=[39m{{ [33m...[39mtransitions[33m.[39msmooth[33m,[39m delay[33m,[39m duration }}
 [90m    |[39m             [31m[1m^[22m[39m
 [90m 44 |[39m             className[33m=[39m{cn(className[33m,[39m fullWidth [33m?[39m [32m"w-full"[39m [33m:[39m [32m""[39m)}
 [90m 45 |[39m         [33m>[39m
 [90m 46 |[39m             {children}[0m
Next.js build worker exited with code: 1 and signal: null
