
> alvane-web@0.1.0 build
> next build

   ▲ Next.js 16.0.8 (Turbopack)

 ⚠ The "middleware" file convention is deprecated. Please use "proxy" instead. Learn more: https://nextjs.org/docs/messages/middleware-to-proxy
   Creating an optimized production build ...
 ✓ Compiled successfully in 2.0s
   Running TypeScript ...
Failed to compile.

.next/dev/types/validator.ts:94:31
Type error: Type 'typeof import("C:/Users/Pran/Desktop/AlvaneStudio/src/app/[lang]/layout")' does not satisfy the constraint 'LayoutConfig<"/[lang]">'.
  Types of property 'default' are incompatible.
    Type '({ children, params, }: Readonly<{ children: ReactNode; params: Promise<{ lang: "en" | "id"; }>; }>) => Promise<Element>' is not assignable to type 'ComponentType<LayoutProps<"/[lang]">> | ((props: LayoutProps<"/[lang]">) => void | ReactNode | Promise<ReactNode> | Promise<...>)'.
      Type '({ children, params, }: Readonly<{ children: ReactNode; params: Promise<{ lang: "en" | "id"; }>; }>) => Promise<Element>' is not assignable to type 'FunctionComponent<LayoutProps<"/[lang]">>'.
        Types of parameters '__0' and 'props' are incompatible.
          Type 'LayoutProps<"/[lang]">' is not assignable to type 'Readonly<{ children: ReactNode; params: Promise<{ lang: "en" | "id"; }>; }>'.
            Types of property 'params' are incompatible.
              Type 'Promise<{ lang: string; }>' is not assignable to type 'Promise<{ lang: "en" | "id"; }>'.
                Type '{ lang: string; }' is not assignable to type '{ lang: "en" | "id"; }'.
                  Types of property 'lang' are incompatible.
                    Type 'string' is not assignable to type '"en" | "id"'.

[0m [90m 92 |[39m   type __IsExpected[33m<[39m[33mSpecific[39m [36mextends[39m [33mLayoutConfig[39m[33m<[39m[32m"/[lang]"[39m[33m>>[39m [33m=[39m [33mSpecific[39m
 [90m 93 |[39m   [36mconst[39m handler [33m=[39m {} [36mas[39m [36mtypeof[39m [36mimport[39m([32m"../../../src/app/[lang]/layout.js"[39m)
[31m[1m>[22m[39m[90m 94 |[39m   type __Check [33m=[39m __IsExpected[33m<[39m[36mtypeof[39m handler[33m>[39m
 [90m    |[39m                               [31m[1m^[22m[39m
 [90m 95 |[39m   [90m// @ts-ignore[39m
 [90m 96 |[39m   type __Unused [33m=[39m __Check
 [90m 97 |[39m }[0m
Next.js build worker exited with code: 1 and signal: null
